<?xml version="1.0" encoding="UTF-8"?>
<robot generator="Robot 7.4.1 (Python 3.11.4 on win32)" generated="2026-02-02T16:49:34.299719" rpa="false" schemaversion="5">
<suite id="s1" name="Sample Suite" source="C:\Users\thanm\PycharmProjects\PythonProject1\labs pac\Day 14\sample_suite.robot">
<kw name="Suite Start" type="SETUP">
<kw name="Log To Console" owner="BuiltIn">
<arg>=== Suite Setup Executed ===</arg>
<doc>Logs the given message to the console.</doc>
<status status="PASS" start="2026-02-02T16:49:34.341295" elapsed="0.000000"/>
</kw>
<status status="PASS" start="2026-02-02T16:49:34.341295" elapsed="0.000000"/>
</kw>
<test id="s1-t1" name="Addition Test" line="22">
<kw name="Test Start" type="SETUP">
<kw name="Log To Console" owner="BuiltIn">
<arg>--- Test Setup Executed ---</arg>
<doc>Logs the given message to the console.</doc>
<status status="PASS" start="2026-02-02T16:49:34.341295" elapsed="0.000000"/>
</kw>
<status status="PASS" start="2026-02-02T16:49:34.341295" elapsed="0.000000"/>
</kw>
<kw name="Evaluate" owner="BuiltIn">
<msg time="2026-02-02T16:49:34.341295" level="INFO">${result} = 5</msg>
<var>${result}</var>
<arg>2 + 3</arg>
<doc>Evaluates the given expression in Python and returns the result.</doc>
<status status="PASS" start="2026-02-02T16:49:34.341295" elapsed="0.000000"/>
</kw>
<kw name="Should Be Equal As Integers" owner="BuiltIn">
<msg time="2026-02-02T16:49:34.341295" level="INFO">Argument types are:
&lt;class 'int'&gt;
&lt;class 'str'&gt;</msg>
<arg>${result}</arg>
<arg>5</arg>
<doc>Fails if objects are unequal after converting them to integers.</doc>
<status status="PASS" start="2026-02-02T16:49:34.341295" elapsed="0.000000"/>
</kw>
<kw name="Test End" type="TEARDOWN">
<kw name="Log To Console" owner="BuiltIn">
<arg>--- Test Teardown Executed ---</arg>
<doc>Logs the given message to the console.</doc>
<status status="PASS" start="2026-02-02T16:49:34.341295" elapsed="0.000000"/>
</kw>
<status status="PASS" start="2026-02-02T16:49:34.341295" elapsed="0.000000"/>
</kw>
<tag>math</tag>
<tag>smoke</tag>
<status status="PASS" start="2026-02-02T16:49:34.341295" elapsed="0.000000"/>
</test>
<test id="s1-t2" name="String Length Test" line="27">
<kw name="Test Start" type="SETUP">
<kw name="Log To Console" owner="BuiltIn">
<arg>--- Test Setup Executed ---</arg>
<doc>Logs the given message to the console.</doc>
<status status="PASS" start="2026-02-02T16:49:34.357123" elapsed="0.000000"/>
</kw>
<status status="PASS" start="2026-02-02T16:49:34.357123" elapsed="0.000000"/>
</kw>
<kw name="Get Length" owner="BuiltIn">
<msg time="2026-02-02T16:49:34.357123" level="INFO">Length is 5.</msg>
<msg time="2026-02-02T16:49:34.357123" level="INFO">${length} = 5</msg>
<var>${length}</var>
<arg>Hello</arg>
<doc>Returns and logs the length of the given item as an integer.</doc>
<status status="PASS" start="2026-02-02T16:49:34.357123" elapsed="0.000000"/>
</kw>
<kw name="Should Be Equal As Integers" owner="BuiltIn">
<msg time="2026-02-02T16:49:34.359701" level="INFO">Argument types are:
&lt;class 'int'&gt;
&lt;class 'str'&gt;</msg>
<arg>${length}</arg>
<arg>5</arg>
<doc>Fails if objects are unequal after converting them to integers.</doc>
<status status="PASS" start="2026-02-02T16:49:34.359701" elapsed="0.000000"/>
</kw>
<kw name="Test End" type="TEARDOWN">
<kw name="Log To Console" owner="BuiltIn">
<arg>--- Test Teardown Executed ---</arg>
<doc>Logs the given message to the console.</doc>
<status status="PASS" start="2026-02-02T16:49:34.359701" elapsed="0.000000"/>
</kw>
<status status="PASS" start="2026-02-02T16:49:34.359701" elapsed="0.000000"/>
</kw>
<tag>regression</tag>
<status status="PASS" start="2026-02-02T16:49:34.341295" elapsed="0.018406"/>
</test>
<kw name="Suite End" type="TEARDOWN">
<kw name="Log To Console" owner="BuiltIn">
<arg>=== Suite Teardown Executed ===</arg>
<doc>Logs the given message to the console.</doc>
<status status="PASS" start="2026-02-02T16:49:34.359701" elapsed="0.000000"/>
</kw>
<status status="PASS" start="2026-02-02T16:49:34.359701" elapsed="0.002524"/>
</kw>
<status status="PASS" start="2026-02-02T16:49:34.299719" elapsed="0.062506"/>
</suite>
<statistics>
<total>
<stat pass="2" fail="0" skip="0">All Tests</stat>
</total>
<tag>
<stat pass="1" fail="0" skip="0">math</stat>
<stat pass="1" fail="0" skip="0">regression</stat>
<stat pass="1" fail="0" skip="0">smoke</stat>
</tag>
<suite>
<stat name="Sample Suite" id="s1" pass="2" fail="0" skip="0">Sample Suite</stat>
</suite>
</statistics>
<errors>
</errors>
</robot>
