<?xml version="1.0" encoding="UTF-8"?>
<robot generator="Robot 7.4.1 (Python 3.11.4 on win32)" generated="2026-02-02T12:56:56.094988" rpa="false" schemaversion="5">
<suite id="s1" name="TC0010 Flaoskapi" source="C:\Users\thanm\PycharmProjects\PythonProject1\Robotfw\Day 14\TC0010_Flaoskapi.robot">
<test id="s1-t1" name="Create new user" line="9">
<kw name="Create Session" owner="RequestsLibrary">
<msg time="2026-02-02T12:56:56.298026" level="INFO">Creating Session using : alias=postingsession, url=http://127.0.0.1:5000, headers={},                     cookies={}, auth=None, timeout=None, proxies=None, verify=False,                     debug=0 </msg>
<arg>postingsession</arg>
<arg>${baseurl}</arg>
<doc>Create Session: create a HTTP session to a server</doc>
<status status="PASS" start="2026-02-02T12:56:56.297018" elapsed="0.001008"/>
</kw>
<kw name="Create Dictionary" owner="BuiltIn">
<msg time="2026-02-02T12:56:56.300026" level="INFO">${data} = {'name': 'varsha'}</msg>
<var>${data}</var>
<arg>name=varsha</arg>
<doc>Creates and returns a dictionary based on the given ``items``.</doc>
<status status="PASS" start="2026-02-02T12:56:56.299026" elapsed="0.001000"/>
</kw>
<kw name="POST On Session" owner="RequestsLibrary">
<msg time="2026-02-02T12:56:56.309586" level="INFO">POST Request : url=http://127.0.0.1:5000/users 
 path_url=/users 
 headers={'User-Agent': 'python-requests/2.32.5', 'Accept-Encoding': 'gzip, deflate', 'Accept': '*/*', 'Connection': 'keep-alive', 'Content-Length': '18', 'Content-Type': 'application/json'} 
 body=b'{"name": "varsha"}' 
 </msg>
<msg time="2026-02-02T12:56:56.309586" level="INFO">POST Response : url=http://127.0.0.1:5000/users 
 status=405, reason=METHOD NOT ALLOWED 
 headers={'Server': 'Werkzeug/3.1.5 Python/3.11.4', 'Date': 'Mon, 02 Feb 2026 07:26:56 GMT', 'Content-Type': 'text/html; charset=utf-8', 'Allow': 'GET, OPTIONS, HEAD', 'Content-Length': '153', 'Connection': 'close'} 
 body=&lt;!doctype html&gt;
&lt;html lang=en&gt;
&lt;title&gt;405 Method Not Allowed&lt;/title&gt;
&lt;h1&gt;Method Not Allowed&lt;/h1&gt;
&lt;p&gt;The method is not allowed for the requested URL.&lt;/p&gt;
 
 </msg>
<msg time="2026-02-02T12:56:56.309586" level="FAIL">HTTPError: 405 Client Error: METHOD NOT ALLOWED for url: http://127.0.0.1:5000/users</msg>
<var>${response}</var>
<arg>postingsession</arg>
<arg>/users</arg>
<arg>json=${data}</arg>
<doc>Sends a POST request on a previously created HTTP Session.</doc>
<status status="FAIL" start="2026-02-02T12:56:56.301028" elapsed="0.011905">HTTPError: 405 Client Error: METHOD NOT ALLOWED for url: http://127.0.0.1:5000/users</status>
</kw>
<kw name="Status Should Be" owner="RequestsLibrary">
<arg>201</arg>
<arg>${response}</arg>
<doc>Fails if response status code is different than the expected.</doc>
<status status="NOT RUN" start="2026-02-02T12:56:56.313934" elapsed="0.000000"/>
</kw>
<kw name="Evaluate" owner="BuiltIn">
<var>${user_json}</var>
<arg>$response.json()</arg>
<doc>Evaluates the given expression in Python and returns the result.</doc>
<status status="NOT RUN" start="2026-02-02T12:56:56.313934" elapsed="0.000000"/>
</kw>
<kw name="Log" owner="BuiltIn">
<arg>${user_json}=</arg>
<arg>console=True</arg>
<doc>Logs the given message with the given level.</doc>
<status status="NOT RUN" start="2026-02-02T12:56:56.313934" elapsed="0.000000"/>
</kw>
<status status="FAIL" start="2026-02-02T12:56:56.295498" elapsed="0.018436">HTTPError: 405 Client Error: METHOD NOT ALLOWED for url: http://127.0.0.1:5000/users</status>
</test>
<test id="s1-t2" name="update user" line="17">
<kw name="Create Session" owner="RequestsLibrary">
<msg time="2026-02-02T12:56:56.315323" level="INFO">Creating Session using : alias=postingsession, url=http://127.0.0.1:5000, headers={},                     cookies={}, auth=None, timeout=None, proxies=None, verify=False,                     debug=0 </msg>
<arg>postingsession</arg>
<arg>${baseurl}</arg>
<doc>Create Session: create a HTTP session to a server</doc>
<status status="PASS" start="2026-02-02T12:56:56.315323" elapsed="0.000000"/>
</kw>
<kw name="Create Dictionary" owner="BuiltIn">
<msg time="2026-02-02T12:56:56.317363" level="INFO">${data} = {'name': 'Pooja'}</msg>
<var>${data}</var>
<arg>name=Pooja</arg>
<doc>Creates and returns a dictionary based on the given ``items``.</doc>
<status status="PASS" start="2026-02-02T12:56:56.315323" elapsed="0.002040"/>
</kw>
<kw name="PUT On Session" owner="RequestsLibrary">
<msg time="2026-02-02T12:56:56.321694" level="INFO">PUT Request : url=http://127.0.0.1:5000/users/1 
 path_url=/users/1 
 headers={'User-Agent': 'python-requests/2.32.5', 'Accept-Encoding': 'gzip, deflate', 'Accept': '*/*', 'Connection': 'keep-alive', 'Content-Length': '17', 'Content-Type': 'application/json'} 
 body=b'{"name": "Pooja"}' 
 </msg>
<msg time="2026-02-02T12:56:56.321694" level="INFO">PUT Response : url=http://127.0.0.1:5000/users/1 
 status=405, reason=METHOD NOT ALLOWED 
 headers={'Server': 'Werkzeug/3.1.5 Python/3.11.4', 'Date': 'Mon, 02 Feb 2026 07:26:56 GMT', 'Content-Type': 'text/html; charset=utf-8', 'Allow': 'GET, OPTIONS, HEAD', 'Content-Length': '153', 'Connection': 'close'} 
 body=&lt;!doctype html&gt;
&lt;html lang=en&gt;
&lt;title&gt;405 Method Not Allowed&lt;/title&gt;
&lt;h1&gt;Method Not Allowed&lt;/h1&gt;
&lt;p&gt;The method is not allowed for the requested URL.&lt;/p&gt;
 
 </msg>
<msg time="2026-02-02T12:56:56.322695" level="FAIL">HTTPError: 405 Client Error: METHOD NOT ALLOWED for url: http://127.0.0.1:5000/users/1</msg>
<var>${response}</var>
<arg>postingsession</arg>
<arg>/users/1</arg>
<arg>json=${data}</arg>
<doc>Sends a PUT request on a previously created HTTP Session.</doc>
<status status="FAIL" start="2026-02-02T12:56:56.317363" elapsed="0.005332">HTTPError: 405 Client Error: METHOD NOT ALLOWED for url: http://127.0.0.1:5000/users/1</status>
</kw>
<kw name="Status Should Be" owner="RequestsLibrary">
<arg>200</arg>
<arg>${response}</arg>
<doc>Fails if response status code is different than the expected.</doc>
<status status="NOT RUN" start="2026-02-02T12:56:56.324209" elapsed="0.000000"/>
</kw>
<kw name="Evaluate" owner="BuiltIn">
<var>${user_json}</var>
<arg>$response.json()</arg>
<doc>Evaluates the given expression in Python and returns the result.</doc>
<status status="NOT RUN" start="2026-02-02T12:56:56.324209" elapsed="0.000000"/>
</kw>
<kw name="Log" owner="BuiltIn">
<arg>${user_json}=</arg>
<arg>console=True</arg>
<doc>Logs the given message with the given level.</doc>
<status status="NOT RUN" start="2026-02-02T12:56:56.325242" elapsed="0.000000"/>
</kw>
<status status="FAIL" start="2026-02-02T12:56:56.313934" elapsed="0.011308">HTTPError: 405 Client Error: METHOD NOT ALLOWED for url: http://127.0.0.1:5000/users/1</status>
</test>
<test id="s1-t3" name="patch user" line="27">
<kw name="Create Session" owner="RequestsLibrary">
<msg time="2026-02-02T12:56:56.326630" level="INFO">Creating Session using : alias=postingsession, url=http://127.0.0.1:5000, headers={},                     cookies={}, auth=None, timeout=None, proxies=None, verify=False,                     debug=0 </msg>
<arg>postingsession</arg>
<arg>${baseurl}</arg>
<doc>Create Session: create a HTTP session to a server</doc>
<status status="PASS" start="2026-02-02T12:56:56.326630" elapsed="0.001186"/>
</kw>
<kw name="Create Dictionary" owner="BuiltIn">
<msg time="2026-02-02T12:56:56.328961" level="INFO">${data} = {'name': 'Pooja patched'}</msg>
<var>${data}</var>
<arg>name=Pooja patched</arg>
<doc>Creates and returns a dictionary based on the given ``items``.</doc>
<status status="PASS" start="2026-02-02T12:56:56.327816" elapsed="0.001145"/>
</kw>
<kw name="PUT On Session" owner="RequestsLibrary">
<msg time="2026-02-02T12:56:56.334060" level="INFO">PUT Request : url=http://127.0.0.1:5000/users/1 
 path_url=/users/1 
 headers={'User-Agent': 'python-requests/2.32.5', 'Accept-Encoding': 'gzip, deflate', 'Accept': '*/*', 'Connection': 'keep-alive', 'Content-Length': '25', 'Content-Type': 'application/json'} 
 body=b'{"name": "Pooja patched"}' 
 </msg>
<msg time="2026-02-02T12:56:56.334060" level="INFO">PUT Response : url=http://127.0.0.1:5000/users/1 
 status=405, reason=METHOD NOT ALLOWED 
 headers={'Server': 'Werkzeug/3.1.5 Python/3.11.4', 'Date': 'Mon, 02 Feb 2026 07:26:56 GMT', 'Content-Type': 'text/html; charset=utf-8', 'Allow': 'GET, OPTIONS, HEAD', 'Content-Length': '153', 'Connection': 'close'} 
 body=&lt;!doctype html&gt;
&lt;html lang=en&gt;
&lt;title&gt;405 Method Not Allowed&lt;/title&gt;
&lt;h1&gt;Method Not Allowed&lt;/h1&gt;
&lt;p&gt;The method is not allowed for the requested URL.&lt;/p&gt;
 
 </msg>
<msg time="2026-02-02T12:56:56.335105" level="FAIL">HTTPError: 405 Client Error: METHOD NOT ALLOWED for url: http://127.0.0.1:5000/users/1</msg>
<var>${response}</var>
<arg>postingsession</arg>
<arg>/users/1</arg>
<arg>json=${data}</arg>
<doc>Sends a PUT request on a previously created HTTP Session.</doc>
<status status="FAIL" start="2026-02-02T12:56:56.328961" elapsed="0.006144">HTTPError: 405 Client Error: METHOD NOT ALLOWED for url: http://127.0.0.1:5000/users/1</status>
</kw>
<kw name="Status Should Be" owner="RequestsLibrary">
<arg>200</arg>
<arg>${response}</arg>
<doc>Fails if response status code is different than the expected.</doc>
<status status="NOT RUN" start="2026-02-02T12:56:56.335105" elapsed="0.000000"/>
</kw>
<kw name="Evaluate" owner="BuiltIn">
<var>${user_json}</var>
<arg>$response.json()</arg>
<doc>Evaluates the given expression in Python and returns the result.</doc>
<status status="NOT RUN" start="2026-02-02T12:56:56.335105" elapsed="0.000000"/>
</kw>
<kw name="Log" owner="BuiltIn">
<arg>${user_json}=</arg>
<arg>console=True</arg>
<doc>Logs the given message with the given level.</doc>
<status status="NOT RUN" start="2026-02-02T12:56:56.335105" elapsed="0.000000"/>
</kw>
<status status="FAIL" start="2026-02-02T12:56:56.325242" elapsed="0.011374">HTTPError: 405 Client Error: METHOD NOT ALLOWED for url: http://127.0.0.1:5000/users/1</status>
</test>
<test id="s1-t4" name="Verify Get All Users" line="37">
<kw name="Create Session" owner="RequestsLibrary">
<msg time="2026-02-02T12:56:56.338942" level="INFO">Creating Session using : alias=mysession, url=http://127.0.0.1:5000, headers={},                     cookies={}, auth=None, timeout=None, proxies=None, verify=False,                     debug=0 </msg>
<arg>mysession</arg>
<arg>${baseurl}</arg>
<doc>Create Session: create a HTTP session to a server</doc>
<status status="PASS" start="2026-02-02T12:56:56.337647" elapsed="0.001295"/>
</kw>
<kw name="GET On Session" owner="RequestsLibrary">
<msg time="2026-02-02T12:56:56.344157" level="INFO">GET Request : url=http://127.0.0.1:5000/users 
 path_url=/users 
 headers={'User-Agent': 'python-requests/2.32.5', 'Accept-Encoding': 'gzip, deflate', 'Accept': '*/*', 'Connection': 'keep-alive'} 
 body=None 
 </msg>
<msg time="2026-02-02T12:56:56.345238" level="INFO">GET Response : url=http://127.0.0.1:5000/users 
 status=200, reason=OK 
 headers={'Server': 'Werkzeug/3.1.5 Python/3.11.4', 'Date': 'Mon, 02 Feb 2026 07:26:56 GMT', 'Content-Type': 'application/json', 'Content-Length': '85', 'Connection': 'close'} 
 body=[
  {
    "id": 1,
    "name": "Raja"
  },
  {
    "id": 2,
    "name": "Rama"
  }
]
 
 </msg>
<msg time="2026-02-02T12:56:56.345238" level="INFO">${response} = &lt;Response [200]&gt;</msg>
<var>${response}</var>
<arg>mysession</arg>
<arg>/users</arg>
<doc>Sends a GET request on a previously created HTTP Session.</doc>
<status status="PASS" start="2026-02-02T12:56:56.338942" elapsed="0.006296"/>
</kw>
<kw name="Status Should Be" owner="RequestsLibrary">
<arg>200</arg>
<arg>${response}</arg>
<doc>Fails if response status code is different than the expected.</doc>
<status status="PASS" start="2026-02-02T12:56:56.345238" elapsed="0.000999"/>
</kw>
<kw name="To Json" owner="RequestsLibrary">
<msg time="2026-02-02T12:56:56.346237" level="WARN">Keyword 'RequestsLibrary.To Json' is deprecated. Please use ${resp.json()} instead. Have a look at the improved HTML output as pretty printing replacement.</msg>
<msg time="2026-02-02T12:56:56.347242" level="INFO">To JSON using : content=[
  {
    "id": 1,
    "name": "Raja"
  },
  {
    "id": 2,
    "name": "Rama"
  }
]
 </msg>
<msg time="2026-02-02T12:56:56.347242" level="INFO">To JSON using : pretty_print=False </msg>
<msg time="2026-02-02T12:56:56.347242" level="INFO">${res_jon} = [{'id': 1, 'name': 'Raja'}, {'id': 2, 'name': 'Rama'}]</msg>
<var>${res_jon}</var>
<arg>${response.content}</arg>
<doc>*DEPRECATED* Please use ${resp.json()} instead. Have a look at the improved HTML output as pretty printing replacement.</doc>
<status status="PASS" start="2026-02-02T12:56:56.346237" elapsed="0.001005"/>
</kw>
<kw name="Log" owner="BuiltIn">
<msg time="2026-02-02T12:56:56.349242" level="INFO">[{'id': 1, 'name': 'Raja'}, {'id': 2, 'name': 'Rama'}]=</msg>
<arg>${res_jon}=</arg>
<arg>console=True</arg>
<doc>Logs the given message with the given level.</doc>
<status status="PASS" start="2026-02-02T12:56:56.348242" elapsed="0.001000"/>
</kw>
<status status="PASS" start="2026-02-02T12:56:56.337647" elapsed="0.011595"/>
</test>
<test id="s1-t5" name="Verify Get Single user" line="45">
<kw name="Create Session" owner="RequestsLibrary">
<msg time="2026-02-02T12:56:56.350241" level="INFO">Creating Session using : alias=mysession, url=http://127.0.0.1:5000, headers={},                     cookies={}, auth=None, timeout=None, proxies=None, verify=False,                     debug=0 </msg>
<arg>mysession</arg>
<arg>${baseurl}</arg>
<doc>Create Session: create a HTTP session to a server</doc>
<status status="PASS" start="2026-02-02T12:56:56.350241" elapsed="0.002231"/>
</kw>
<kw name="GET On Session" owner="RequestsLibrary">
<msg time="2026-02-02T12:56:56.359512" level="INFO">GET Request : url=http://127.0.0.1:5000/users/3 
 path_url=/users/3 
 headers={'User-Agent': 'python-requests/2.32.5', 'Accept-Encoding': 'gzip, deflate', 'Accept': '*/*', 'Connection': 'keep-alive'} 
 body=None 
 </msg>
<msg time="2026-02-02T12:56:56.360702" level="INFO">GET Response : url=http://127.0.0.1:5000/users/3 
 status=404, reason=NOT FOUND 
 headers={'Server': 'Werkzeug/3.1.5 Python/3.11.4', 'Date': 'Mon, 02 Feb 2026 07:26:56 GMT', 'Content-Type': 'application/json', 'Content-Length': '34', 'Connection': 'close'} 
 body={
  "message": "user not found"
}
 
 </msg>
<msg time="2026-02-02T12:56:56.360702" level="FAIL">HTTPError: 404 Client Error: NOT FOUND for url: http://127.0.0.1:5000/users/3</msg>
<var>${response}</var>
<arg>mysession</arg>
<arg>/users/3</arg>
<doc>Sends a GET request on a previously created HTTP Session.</doc>
<status status="FAIL" start="2026-02-02T12:56:56.352472" elapsed="0.009738">HTTPError: 404 Client Error: NOT FOUND for url: http://127.0.0.1:5000/users/3</status>
</kw>
<kw name="Status Should Be" owner="RequestsLibrary">
<arg>200</arg>
<arg>${response}</arg>
<doc>Fails if response status code is different than the expected.</doc>
<status status="NOT RUN" start="2026-02-02T12:56:56.362717" elapsed="0.000000"/>
</kw>
<kw name="To Json" owner="RequestsLibrary">
<msg time="2026-02-02T12:56:56.364878" level="WARN">Keyword 'RequestsLibrary.To Json' is deprecated. Please use ${resp.json()} instead. Have a look at the improved HTML output as pretty printing replacement.</msg>
<var>${res_jon}</var>
<arg>${response.content}</arg>
<doc>*DEPRECATED* Please use ${resp.json()} instead. Have a look at the improved HTML output as pretty printing replacement.</doc>
<status status="NOT RUN" start="2026-02-02T12:56:56.364878" elapsed="0.001005"/>
</kw>
<kw name="Log" owner="BuiltIn">
<arg>${res_jon}=</arg>
<arg>console=True</arg>
<doc>Logs the given message with the given level.</doc>
<status status="NOT RUN" start="2026-02-02T12:56:56.366884" elapsed="0.000000"/>
</kw>
<status status="FAIL" start="2026-02-02T12:56:56.350241" elapsed="0.017649">HTTPError: 404 Client Error: NOT FOUND for url: http://127.0.0.1:5000/users/3</status>
</test>
<test id="s1-t6" name="Verify Get Single user not gound" line="52">
<kw name="Create Session" owner="RequestsLibrary">
<msg time="2026-02-02T12:56:56.369080" level="INFO">Creating Session using : alias=mysession, url=http://127.0.0.1:5000, headers={},                     cookies={}, auth=None, timeout=None, proxies=None, verify=False,                     debug=0 </msg>
<arg>mysession</arg>
<arg>${baseurl}</arg>
<doc>Create Session: create a HTTP session to a server</doc>
<status status="PASS" start="2026-02-02T12:56:56.369080" elapsed="0.001079"/>
</kw>
<kw name="GET On Session" owner="RequestsLibrary">
<msg time="2026-02-02T12:56:56.375567" level="INFO">GET Request : url=http://127.0.0.1:5000/users/99999 
 path_url=/users/99999 
 headers={'User-Agent': 'python-requests/2.32.5', 'Accept-Encoding': 'gzip, deflate', 'Accept': '*/*', 'Connection': 'keep-alive'} 
 body=None 
 </msg>
<msg time="2026-02-02T12:56:56.375567" level="INFO">GET Response : url=http://127.0.0.1:5000/users/99999 
 status=404, reason=NOT FOUND 
 headers={'Server': 'Werkzeug/3.1.5 Python/3.11.4', 'Date': 'Mon, 02 Feb 2026 07:26:56 GMT', 'Content-Type': 'application/json', 'Content-Length': '34', 'Connection': 'close'} 
 body={
  "message": "user not found"
}
 
 </msg>
<msg time="2026-02-02T12:56:56.375567" level="FAIL">HTTPError: 404 Client Error: NOT FOUND for url: http://127.0.0.1:5000/users/99999</msg>
<var>${response}</var>
<arg>mysession</arg>
<arg>/users/99999</arg>
<doc>Sends a GET request on a previously created HTTP Session.</doc>
<status status="FAIL" start="2026-02-02T12:56:56.370159" elapsed="0.006916">HTTPError: 404 Client Error: NOT FOUND for url: http://127.0.0.1:5000/users/99999</status>
</kw>
<kw name="Status Should Be" owner="RequestsLibrary">
<arg>404</arg>
<arg>${response}</arg>
<doc>Fails if response status code is different than the expected.</doc>
<status status="NOT RUN" start="2026-02-02T12:56:56.378082" elapsed="0.000000"/>
</kw>
<kw name="To Json" owner="RequestsLibrary">
<msg time="2026-02-02T12:56:56.378082" level="WARN">Keyword 'RequestsLibrary.To Json' is deprecated. Please use ${resp.json()} instead. Have a look at the improved HTML output as pretty printing replacement.</msg>
<var>${res_jon}</var>
<arg>${response.content}</arg>
<doc>*DEPRECATED* Please use ${resp.json()} instead. Have a look at the improved HTML output as pretty printing replacement.</doc>
<status status="NOT RUN" start="2026-02-02T12:56:56.378082" elapsed="0.000000"/>
</kw>
<kw name="Log" owner="BuiltIn">
<arg>${res_jon}=</arg>
<arg>console=True</arg>
<doc>Logs the given message with the given level.</doc>
<status status="NOT RUN" start="2026-02-02T12:56:56.379082" elapsed="0.000000"/>
</kw>
<status status="FAIL" start="2026-02-02T12:56:56.369080" elapsed="0.010002">HTTPError: 404 Client Error: NOT FOUND for url: http://127.0.0.1:5000/users/99999</status>
</test>
<test id="s1-t7" name="Verify Delete user by userid" line="60">
<kw name="Create Session" owner="RequestsLibrary">
<msg time="2026-02-02T12:56:56.380083" level="INFO">Creating Session using : alias=mysession, url=http://127.0.0.1:5000, headers={},                     cookies={}, auth=None, timeout=None, proxies=None, verify=False,                     debug=0 </msg>
<arg>mysession</arg>
<arg>${baseurl}</arg>
<doc>Create Session: create a HTTP session to a server</doc>
<status status="PASS" start="2026-02-02T12:56:56.380083" elapsed="0.001457"/>
</kw>
<kw name="GET On Session" owner="RequestsLibrary">
<msg time="2026-02-02T12:56:56.387796" level="INFO">GET Request : url=http://127.0.0.1:5000/users/1 
 path_url=/users/1 
 headers={'User-Agent': 'python-requests/2.32.5', 'Accept-Encoding': 'gzip, deflate', 'Accept': '*/*', 'Connection': 'keep-alive'} 
 body=None 
 </msg>
<msg time="2026-02-02T12:56:56.388939" level="INFO">GET Response : url=http://127.0.0.1:5000/users/1 
 status=200, reason=OK 
 headers={'Server': 'Werkzeug/3.1.5 Python/3.11.4', 'Date': 'Mon, 02 Feb 2026 07:26:56 GMT', 'Content-Type': 'application/json', 'Content-Length': '32', 'Connection': 'close'} 
 body={
  "id": 1,
  "name": "Raja"
}
 
 </msg>
<msg time="2026-02-02T12:56:56.388939" level="INFO">${response} = &lt;Response [200]&gt;</msg>
<var>${response}</var>
<arg>mysession</arg>
<arg>/users/1</arg>
<doc>Sends a GET request on a previously created HTTP Session.</doc>
<status status="PASS" start="2026-02-02T12:56:56.382536" elapsed="0.006403"/>
</kw>
<kw name="Status Should Be" owner="RequestsLibrary">
<arg>200</arg>
<arg>${response}</arg>
<doc>Fails if response status code is different than the expected.</doc>
<status status="PASS" start="2026-02-02T12:56:56.389939" elapsed="0.000000"/>
</kw>
<kw name="To Json" owner="RequestsLibrary">
<msg time="2026-02-02T12:56:56.390938" level="WARN">Keyword 'RequestsLibrary.To Json' is deprecated. Please use ${resp.json()} instead. Have a look at the improved HTML output as pretty printing replacement.</msg>
<msg time="2026-02-02T12:56:56.391939" level="INFO">To JSON using : content={
  "id": 1,
  "name": "Raja"
}
 </msg>
<msg time="2026-02-02T12:56:56.391939" level="INFO">To JSON using : pretty_print=False </msg>
<msg time="2026-02-02T12:56:56.391939" level="INFO">${res_jon} = {'id': 1, 'name': 'Raja'}</msg>
<var>${res_jon}</var>
<arg>${response.content}</arg>
<doc>*DEPRECATED* Please use ${resp.json()} instead. Have a look at the improved HTML output as pretty printing replacement.</doc>
<status status="PASS" start="2026-02-02T12:56:56.390938" elapsed="0.001001"/>
</kw>
<kw name="Log" owner="BuiltIn">
<msg time="2026-02-02T12:56:56.393939" level="INFO">{'id': 1, 'name': 'Raja'}=</msg>
<arg>${res_jon}=</arg>
<arg>console=True</arg>
<doc>Logs the given message with the given level.</doc>
<status status="PASS" start="2026-02-02T12:56:56.391939" elapsed="0.002000"/>
</kw>
<status status="PASS" start="2026-02-02T12:56:56.380083" elapsed="0.013856"/>
</test>
<status status="FAIL" start="2026-02-02T12:56:56.097990" elapsed="0.297309"/>
</suite>
<statistics>
<total>
<stat pass="2" fail="5" skip="0">All Tests</stat>
</total>
<tag>
</tag>
<suite>
<stat name="TC0010 Flaoskapi" id="s1" pass="2" fail="5" skip="0">TC0010 Flaoskapi</stat>
</suite>
</statistics>
<errors>
<msg time="2026-02-02T12:56:56.346237" level="WARN">Keyword 'RequestsLibrary.To Json' is deprecated. Please use ${resp.json()} instead. Have a look at the improved HTML output as pretty printing replacement.</msg>
<msg time="2026-02-02T12:56:56.364878" level="WARN">Keyword 'RequestsLibrary.To Json' is deprecated. Please use ${resp.json()} instead. Have a look at the improved HTML output as pretty printing replacement.</msg>
<msg time="2026-02-02T12:56:56.378082" level="WARN">Keyword 'RequestsLibrary.To Json' is deprecated. Please use ${resp.json()} instead. Have a look at the improved HTML output as pretty printing replacement.</msg>
<msg time="2026-02-02T12:56:56.390938" level="WARN">Keyword 'RequestsLibrary.To Json' is deprecated. Please use ${resp.json()} instead. Have a look at the improved HTML output as pretty printing replacement.</msg>
</errors>
</robot>
